#
# A fatal error has been detected by the Java Runtime Environment:
#
#  Internal Error (javaClasses.cpp:129), pid=30454, tid=139712423163648
#  fatal error: Invalid layout of preloaded class
#
# JRE version: 7.0_25-b15
# Java VM: Java HotSpot(TM) 64-Bit Server VM (23.25-b01 mixed mode linux-amd64 compressed oops)
# Failed to write core dump. Core dumps have been disabled. To enable core dumping, try "ulimit -c unlimited" before starting Java again
#
# If you would like to submit a bug report, please visit:
#   http://bugreport.sun.com/bugreport/crash.jsp
#

---------------  T H R E A D  ---------------

Current thread (0x00007f114c009000):  JavaThread "Unknown thread" [_thread_in_vm, id=30455, stack(0x00007f11554a7000,0x00007f11555a8000)]

Stack: [0x00007f11554a7000,0x00007f11555a8000],  sp=0x00007f11555a67e0,  free space=1021k
Native frames: (J=compiled Java code, j=interpreted, Vv=VM code, C=native code)
V  [libjvm.so+0x8a1d3a]  VMError::report_and_die()+0x2ea
V  [libjvm.so+0x407539]  report_fatal(char const*, int, char const*)+0x59
V  [libjvm.so+0x551f47]  compute_offset(int&, klassOopDesc*, Symbol*, Symbol*, bool)+0x137
V  [libjvm.so+0x553169]  java_lang_String::compute_offsets()+0x39
V  [libjvm.so+0x830ea3]  SystemDictionary::initialize_preloaded_classes(Thread*)+0x143
V  [libjvm.so+0x87cf44]  Universe::genesis(Thread*)+0x474
V  [libjvm.so+0x87d3f4]  universe2_init()+0x24
V  [libjvm.so+0x50036d]  init_globals()+0xbd
V  [libjvm.so+0x863a62]  Threads::create_vm(JavaVMInitArgs*, bool*)+0x1e2
V  [libjvm.so+0x55ff34]  JNI_CreateJavaVM+0x74
C  [libjli.so+0x2f8e]  JavaMain+0x9e


---------------  P R O C E S S  ---------------

Java Threads: ( => current thread )

Other Threads:

=>0x00007f114c009000 (exited) JavaThread "Unknown thread" [_thread_in_vm, id=30455, stack(0x00007f11554a7000,0x00007f11555a8000)]

VM state:not at safepoint (not fully initialized)

VM Mutex/Monitor currently owned by a thread: None

GC Heap History (0 events):
No events

Deoptimization events (0 events):
No events

Internal exceptions (0 events):
No events

Events (10 events):
Event: 0.011 loading class 0x00007f114c02af20 done
Event: 0.011 loading class 0x00007f114c02a7c0 done
Event: 0.011 loading class 0x00007f114c02a790
Event: 0.011 loading class 0x00007f114c055fe0
Event: 0.011 loading class 0x00007f114c055fe0 done
Event: 0.011 loading class 0x00007f114c056020
Event: 0.011 loading class 0x00007f114c056020 done
Event: 0.011 loading class 0x00007f114c056060
Event: 0.011 loading class 0x00007f114c056060 done
Event: 0.011 loading class 0x00007f114c02a790 done


Dynamic libraries:
00400000-00401000 r-xp 00000000 08:01 2754090                            /usr/lib/jvm/jre1.7.0/bin/java
00600000-00601000 rw-p 00000000 08:01 2754090                            /usr/lib/jvm/jre1.7.0/bin/java
018a0000-018c1000 rw-p 00000000 00:00 0                                  [heap]
77f000000-7804c0000 rw-p 00000000 00:00 0 
7804c0000-784200000 rw-p 00000000 00:00 0 
784200000-789490000 rw-p 00000000 00:00 0 
789490000-7d6b60000 rw-p 00000000 00:00 0 
7d6b60000-7d94a0000 rw-p 00000000 00:00 0 
7d94a0000-800000000 rw-p 00000000 00:00 0 
7f1130000000-7f1130021000 rw-p 00000000 00:00 0 
7f1130021000-7f1134000000 ---p 00000000 00:00 0 
7f1138000000-7f1138021000 rw-p 00000000 00:00 0 
7f1138021000-7f113c000000 ---p 00000000 00:00 0 
7f113c000000-7f113c021000 rw-p 00000000 00:00 0 
7f113c021000-7f1140000000 ---p 00000000 00:00 0 
7f1140000000-7f1140021000 rw-p 00000000 00:00 0 
7f1140021000-7f1144000000 ---p 00000000 00:00 0 
7f1144f80000-7f1149000000 rw-p 00000000 00:00 0 
7f1149000000-7f1149270000 rwxp 00000000 00:00 0 
7f1149270000-7f114c05f000 rw-p 00000000 00:00 0 
7f114c05f000-7f1150000000 ---p 00000000 00:00 0 
7f1150ae5000-7f1150d17000 rw-p 00000000 00:00 0 
7f1150d17000-7f1150dee000 r--s 013fe000 08:01 4077213                    /home/cameron/Desktop/Android/adt-bundle-linux-x86_64-20131030/sdk/platforms/android-19/android.jar
7f1150dee000-7f1151e36000 rw-p 00000000 00:00 0 
7f1151e36000-7f1151e37000 ---p 00000000 00:00 0 
7f1151e37000-7f1151f37000 rw-p 00000000 00:00 0                          [stack:30464]
7f1151f37000-7f1151f38000 ---p 00000000 00:00 0 
7f1151f38000-7f1152038000 rw-p 00000000 00:00 0                          [stack:30463]
7f1152038000-7f1152039000 ---p 00000000 00:00 0 
7f1152039000-7f1152139000 rw-p 00000000 00:00 0                          [stack:30462]
7f1152139000-7f115213a000 ---p 00000000 00:00 0 
7f115213a000-7f1152245000 rw-p 00000000 00:00 0                          [stack:30461]
7f1152245000-7f1152263000 rw-p 00000000 00:00 0 
7f1152263000-7f115228d000 rw-p 00000000 00:00 0 
7f115228d000-7f11524f8000 rw-p 00000000 00:00 0 
7f11524f8000-7f1152503000 rw-p 00000000 00:00 0 
7f1152503000-7f1152521000 rw-p 00000000 00:00 0 
7f1152521000-7f115254b000 rw-p 00000000 00:00 0 
7f115254b000-7f11527b5000 rw-p 00000000 00:00 0 
7f11527b5000-7f11527cb000 rw-p 00000000 00:00 0 
7f11527cb000-7f1152900000 rw-p 00000000 00:00 0 
7f1152900000-7f1152901000 rw-p 00000000 00:00 0 
7f1152901000-7f115291c000 r-xp 00000000 08:01 2754044                    /usr/lib/jvm/jre1.7.0/lib/amd64/libzip.so
7f115291c000-7f1152b1b000 ---p 0001b000 08:01 2754044                    /usr/lib/jvm/jre1.7.0/lib/amd64/libzip.so
7f1152b1b000-7f1152b1c000 rw-p 0001a000 08:01 2754044                    /usr/lib/jvm/jre1.7.0/lib/amd64/libzip.so
7f1152b1c000-7f1152b28000 r-xp 00000000 08:01 531728                     /lib/x86_64-linux-gnu/libnss_files-2.15.so
7f1152b28000-7f1152d27000 ---p 0000c000 08:01 531728                     /lib/x86_64-linux-gnu/libnss_files-2.15.so
7f1152d27000-7f1152d28000 r--p 0000b000 08:01 531728                     /lib/x86_64-linux-gnu/libnss_files-2.15.so
7f1152d28000-7f1152d29000 rw-p 0000c000 08:01 531728                     /lib/x86_64-linux-gnu/libnss_files-2.15.so
7f1152d29000-7f1152d33000 r-xp 00000000 08:01 533087                     /lib/x86_64-linux-gnu/libnss_nis-2.15.so
7f1152d33000-7f1152f33000 ---p 0000a000 08:01 533087                     /lib/x86_64-linux-gnu/libnss_nis-2.15.so
7f1152f33000-7f1152f34000 r--p 0000a000 08:01 533087                     /lib/x86_64-linux-gnu/libnss_nis-2.15.so
7f1152f34000-7f1152f35000 rw-p 0000b000 08:01 533087                     /lib/x86_64-linux-gnu/libnss_nis-2.15.so
7f1152f35000-7f1152f4c000 r-xp 00000000 08:01 533099                     /lib/x86_64-linux-gnu/libnsl-2.15.so
7f1152f4c000-7f115314b000 ---p 00017000 08:01 533099                     /lib/x86_64-linux-gnu/libnsl-2.15.so
7f115314b000-7f115314c000 r--p 00016000 08:01 533099                     /lib/x86_64-linux-gnu/libnsl-2.15.so
7f115314c000-7f115314d000 rw-p 00017000 08:01 533099                     /lib/x86_64-linux-gnu/libnsl-2.15.so
7f115314d000-7f115314f000 rw-p 00000000 00:00 0 
7f115314f000-7f1153157000 r-xp 00000000 08:01 531726                     /lib/x86_64-linux-gnu/libnss_compat-2.15.so
7f1153157000-7f1153356000 ---p 00008000 08:01 531726                     /lib/x86_64-linux-gnu/libnss_compat-2.15.so
7f1153356000-7f1153357000 r--p 00007000 08:01 531726                     /lib/x86_64-linux-gnu/libnss_compat-2.15.so
7f1153357000-7f1153358000 rw-p 00008000 08:01 531726                     /lib/x86_64-linux-gnu/libnss_compat-2.15.so
7f1153358000-7f1153381000 r-xp 00000000 08:01 2754035                    /usr/lib/jvm/jre1.7.0/lib/amd64/libjava.so
7f1153381000-7f1153581000 ---p 00029000 08:01 2754035                    /usr/lib/jvm/jre1.7.0/lib/amd64/libjava.so
7f1153581000-7f1153583000 rw-p 00029000 08:01 2754035                    /usr/lib/jvm/jre1.7.0/lib/amd64/libjava.so
7f1153583000-7f1153590000 r-xp 00000000 08:01 2754025                    /usr/lib/jvm/jre1.7.0/lib/amd64/libverify.so
7f1153590000-7f115378f000 ---p 0000d000 08:01 2754025                    /usr/lib/jvm/jre1.7.0/lib/amd64/libverify.so
7f115378f000-7f1153791000 rw-p 0000c000 08:01 2754025                    /usr/lib/jvm/jre1.7.0/lib/amd64/libverify.so
7f1153791000-7f1153798000 r-xp 00000000 08:01 533086                     /lib/x86_64-linux-gnu/librt-2.15.so
7f1153798000-7f1153997000 ---p 00007000 08:01 533086                     /lib/x86_64-linux-gnu/librt-2.15.so
7f1153997000-7f1153998000 r--p 00006000 08:01 533086                     /lib/x86_64-linux-gnu/librt-2.15.so
7f1153998000-7f1153999000 rw-p 00007000 08:01 533086                     /lib/x86_64-linux-gnu/librt-2.15.so
7f1153999000-7f1153a94000 r-xp 00000000 08:01 533090                     /lib/x86_64-linux-gnu/libm-2.15.so
7f1153a94000-7f1153c93000 ---p 000fb000 08:01 533090                     /lib/x86_64-linux-gnu/libm-2.15.so
7f1153c93000-7f1153c94000 r--p 000fa000 08:01 533090                     /lib/x86_64-linux-gnu/libm-2.15.so
7f1153c94000-7f1153c95000 rw-p 000fb000 08:01 533090                     /lib/x86_64-linux-gnu/libm-2.15.so
7f1153c95000-7f11546d6000 r-xp 00000000 08:01 2754042                    /usr/lib/jvm/jre1.7.0/lib/amd64/server/libjvm.so
7f11546d6000-7f11548d6000 ---p 00a41000 08:01 2754042                    /usr/lib/jvm/jre1.7.0/lib/amd64/server/libjvm.so
7f11548d6000-7f1154979000 rw-p 00a41000 08:01 2754042                    /usr/lib/jvm/jre1.7.0/lib/amd64/server/libjvm.so
7f1154979000-7f11549b5000 rw-p 00000000 00:00 0 
7f11549b5000-7f1154b6a000 r-xp 00000000 08:01 528043                     /lib/x86_64-linux-gnu/libc-2.15.so
7f1154b6a000-7f1154d6a000 ---p 001b5000 08:01 528043                     /lib/x86_64-linux-gnu/libc-2.15.so
7f1154d6a000-7f1154d6e000 r--p 001b5000 08:01 528043                     /lib/x86_64-linux-gnu/libc-2.15.so
7f1154d6e000-7f1154d70000 rw-p 001b9000 08:01 528043                     /lib/x86_64-linux-gnu/libc-2.15.so
7f1154d70000-7f1154d75000 rw-p 00000000 00:00 0 
7f1154d75000-7f1154d77000 r-xp 00000000 08:01 533094                     /lib/x86_64-linux-gnu/libdl-2.15.so
7f1154d77000-7f1154f77000 ---p 00002000 08:01 533094                     /lib/x86_64-linux-gnu/libdl-2.15.so
7f1154f77000-7f1154f78000 r--p 00002000 08:01 533094                     /lib/x86_64-linux-gnu/libdl-2.15.so
7f1154f78000-7f1154f79000 rw-p 00003000 08:01 533094                     /lib/x86_64-linux-gnu/libdl-2.15.so
7f1154f79000-7f1154f8f000 r-xp 00000000 08:01 2754063                    /usr/lib/jvm/jre1.7.0/lib/amd64/jli/libjli.so
7f1154f8f000-7f115518f000 ---p 00016000 08:01 2754063                    /usr/lib/jvm/jre1.7.0/lib/amd64/jli/libjli.so
7f115518f000-7f1155190000 rw-p 00016000 08:01 2754063                    /usr/lib/jvm/jre1.7.0/lib/amd64/jli/libjli.so
7f1155190000-7f11551a8000 r-xp 00000000 08:01 533088                     /lib/x86_64-linux-gnu/libpthread-2.15.so
7f11551a8000-7f11553a7000 ---p 00018000 08:01 533088                     /lib/x86_64-linux-gnu/libpthread-2.15.so
7f11553a7000-7f11553a8000 r--p 00017000 08:01 533088                     /lib/x86_64-linux-gnu/libpthread-2.15.so
7f11553a8000-7f11553a9000 rw-p 00018000 08:01 533088                     /lib/x86_64-linux-gnu/libpthread-2.15.so
7f11553a9000-7f11553ad000 rw-p 00000000 00:00 0 
7f11553ad000-7f11553cf000 r-xp 00000000 08:01 533091                     /lib/x86_64-linux-gnu/ld-2.15.so
7f11553e7000-7f11553f1000 rw-p 00000000 00:00 0 
7f11553f1000-7f11554a7000 rw-p 00000000 00:00 0 
7f11554a7000-7f11554aa000 ---p 00000000 00:00 0 
7f11554aa000-7f11555ac000 rw-p 00000000 00:00 0                          [stack:30455]
7f11555c1000-7f11555c3000 rw-p 00000000 00:00 0 
7f11555c3000-7f11555cb000 rw-s 00000000 08:01 4330938                    /tmp/hsperfdata_cameron/30454
7f11555cb000-7f11555cc000 rw-p 00000000 00:00 0 
7f11555cc000-7f11555cd000 r--p 00000000 00:00 0 
7f11555cd000-7f11555cf000 rw-p 00000000 00:00 0 
7f11555cf000-7f11555d0000 r--p 00022000 08:01 533091                     /lib/x86_64-linux-gnu/ld-2.15.so
7f11555d0000-7f11555d2000 rw-p 00023000 08:01 533091                     /lib/x86_64-linux-gnu/ld-2.15.so
7fff9322e000-7fff9324f000 rw-p 00000000 00:00 0                          [stack]
7fff9339e000-7fff9339f000 r-xp 00000000 00:00 0                          [vdso]
ffffffffff600000-ffffffffff601000 r-xp 00000000 00:00 0                  [vsyscall]

VM Arguments:
jvm_args: -Dfile.encoding=UTF-8 -Xbootclasspath:/home/cameron/Desktop/Android/adt-bundle-linux-x86_64-20131030/sdk/platforms/android-19/android.jar 
java_command: org.eclipse.jdt.internal.junit.runner.RemoteTestRunner -version 3 -port 40418 -testLoaderClass org.eclipse.jdt.internal.junit4.runner.JUnit4TestLoader -loaderpluginname org.eclipse.jdt.junit4.runtime -classNames JUnit.LoginHandlerTest
Launcher Type: SUN_STANDARD

Environment Variables:
JAVA_HOME=/usr/bin/java
PATH=/usr/local/sbin:/usr/local/bin:/usr/sbin:/usr/bin:/sbin:/bin:/usr/games
SHELL=/bin/bash
DISPLAY=:0

Signal Handlers:
SIGSEGV: [libjvm.so+0x8a26a0], sa_mask[0]=0x7ffbfeff, sa_flags=0x10000004
SIGBUS: [libjvm.so+0x8a26a0], sa_mask[0]=0x7ffbfeff, sa_flags=0x10000004
SIGFPE: [libjvm.so+0x73f3d0], sa_mask[0]=0x7ffbfeff, sa_flags=0x10000004
SIGPIPE: [libjvm.so+0x73f3d0], sa_mask[0]=0x7ffbfeff, sa_flags=0x10000004
SIGXFSZ: [libjvm.so+0x73f3d0], sa_mask[0]=0x7ffbfeff, sa_flags=0x10000004
SIGILL: [libjvm.so+0x73f3d0], sa_mask[0]=0x7ffbfeff, sa_flags=0x10000004
SIGUSR1: SIG_DFL, sa_mask[0]=0x00000000, sa_flags=0x00000000
SIGUSR2: [libjvm.so+0x73ed20], sa_mask[0]=0x00000004, sa_flags=0x10000004
SIGHUP: SIG_DFL, sa_mask[0]=0x00000000, sa_flags=0x00000000
SIGINT: SIG_DFL, sa_mask[0]=0x00000000, sa_flags=0x00000000
SIGTERM: SIG_DFL, sa_mask[0]=0x00000000, sa_flags=0x00000000
SIGQUIT: SIG_DFL, sa_mask[0]=0x00000000, sa_flags=0x00000000


---------------  S Y S T E M  ---------------

OS:wheezy/sid

uname:Linux 3.5.0-45-generic #68~precise1-Ubuntu SMP Wed Dec 4 16:18:46 UTC 2013 x86_64
libc:glibc 2.15 NPTL 2.15 
rlimit: STACK 8192k, CORE 0k, NPROC 63215, NOFILE 4096, AS infinity
load average:0.10 0.18 0.20

/proc/meminfo:
MemTotal:        8110224 kB
MemFree:         4187916 kB
Buffers:          352020 kB
Cached:          1454572 kB
SwapCached:            0 kB
Active:          2484212 kB
Inactive:        1075376 kB
Active(anon):    1774552 kB
Inactive(anon):   190652 kB
Active(file):     709660 kB
Inactive(file):   884724 kB
Unevictable:          44 kB
Mlocked:              44 kB
SwapTotal:       4125692 kB
SwapFree:        4125692 kB
Dirty:                12 kB
Writeback:           104 kB
AnonPages:       1753116 kB
Mapped:           250308 kB
Shmem:            212212 kB
Slab:             219804 kB
SReclaimable:     185468 kB
SUnreclaim:        34336 kB
KernelStack:        4496 kB
PageTables:        48288 kB
NFS_Unstable:          0 kB
Bounce:                0 kB
WritebackTmp:          0 kB
CommitLimit:     8180804 kB
Committed_AS:    6007140 kB
VmallocTotal:   34359738367 kB
VmallocUsed:      564092 kB
VmallocChunk:   34359170112 kB
HardwareCorrupted:     0 kB
AnonHugePages:         0 kB
HugePages_Total:       0
HugePages_Free:        0
HugePages_Rsvd:        0
HugePages_Surp:        0
Hugepagesize:       2048 kB
DirectMap4k:       75776 kB
DirectMap2M:     8255488 kB


CPU:total 4 (2 cores per cpu, 2 threads per core) family 6 model 42 stepping 7, cmov, cx8, fxsr, mmx, sse, sse2, sse3, ssse3, sse4.1, sse4.2, popcnt, avx, ht, tsc, tscinvbit

/proc/cpuinfo:
processor	: 0
vendor_id	: GenuineIntel
cpu family	: 6
model		: 42
model name	: Intel(R) Core(TM) i3-2310M CPU @ 2.10GHz
stepping	: 7
microcode	: 0x1a
cpu MHz		: 1400.000
cache size	: 3072 KB
physical id	: 0
siblings	: 4
core id		: 0
cpu cores	: 2
apicid		: 0
initial apicid	: 0
fpu		: yes
fpu_exception	: yes
cpuid level	: 13
wp		: yes
flags		: fpu vme de pse tsc msr pae mce cx8 apic sep mtrr pge mca cmov pat pse36 clflush dts acpi mmx fxsr sse sse2 ss ht tm pbe syscall nx rdtscp lm constant_tsc arch_perfmon pebs bts rep_good nopl xtopology nonstop_tsc aperfmperf pni pclmulqdq dtes64 monitor ds_cpl vmx est tm2 ssse3 cx16 xtpr pdcm pcid sse4_1 sse4_2 x2apic popcnt tsc_deadline_timer xsave avx lahf_lm arat epb xsaveopt pln pts dtherm tpr_shadow vnmi flexpriority ept vpid
bogomips	: 4190.43
clflush size	: 64
cache_alignment	: 64
address sizes	: 36 bits physical, 48 bits virtual
power management:

processor	: 1
vendor_id	: GenuineIntel
cpu family	: 6
model		: 42
model name	: Intel(R) Core(TM) i3-2310M CPU @ 2.10GHz
stepping	: 7
microcode	: 0x1a
cpu MHz		: 2000.000
cache size	: 3072 KB
physical id	: 0
siblings	: 4
core id		: 0
cpu cores	: 2
apicid		: 1
initial apicid	: 1
fpu		: yes
fpu_exception	: yes
cpuid level	: 13
wp		: yes
flags		: fpu vme de pse tsc msr pae mce cx8 apic sep mtrr pge mca cmov pat pse36 clflush dts acpi mmx fxsr sse sse2 ss ht tm pbe syscall nx rdtscp lm constant_tsc arch_perfmon pebs bts rep_good nopl xtopology nonstop_tsc aperfmperf pni pclmulqdq dtes64 monitor ds_cpl vmx est tm2 ssse3 cx16 xtpr pdcm pcid sse4_1 sse4_2 x2apic popcnt tsc_deadline_timer xsave avx lahf_lm arat epb xsaveopt pln pts dtherm tpr_shadow vnmi flexpriority ept vpid
bogomips	: 4190.43
clflush size	: 64
cache_alignment	: 64
address sizes	: 36 bits physical, 48 bits virtual
power management:

processor	: 2
vendor_id	: GenuineIntel
cpu family	: 6
model		: 42
model name	: Intel(R) Core(TM) i3-2310M CPU @ 2.10GHz
stepping	: 7
microcode	: 0x1a
cpu MHz		: 1700.000
cache size	: 3072 KB
physical id	: 0
siblings	: 4
core id		: 1
cpu cores	: 2
apicid		: 2
initial apicid	: 2
fpu		: yes
fpu_exception	: yes
cpuid level	: 13
wp		: yes
flags		: fpu vme de pse tsc msr pae mce cx8 apic sep mtrr pge mca cmov pat pse36 clflush dts acpi mmx fxsr sse sse2 ss ht tm pbe syscall nx rdtscp lm constant_tsc arch_perfmon pebs bts rep_good nopl xtopology nonstop_tsc aperfmperf pni pclmulqdq dtes64 monitor ds_cpl vmx est tm2 ssse3 cx16 xtpr pdcm pcid sse4_1 sse4_2 x2apic popcnt tsc_deadline_timer xsave avx lahf_lm arat epb xsaveopt pln pts dtherm tpr_shadow vnmi flexpriority ept vpid
bogomips	: 4190.43
clflush size	: 64
cache_alignment	: 64
address sizes	: 36 bits physical, 48 bits virtual
power management:

processor	: 3
vendor_id	: GenuineIntel
cpu family	: 6
model		: 42
model name	: Intel(R) Core(TM) i3-2310M CPU @ 2.10GHz
stepping	: 7
microcode	: 0x1a
cpu MHz		: 2000.000
cache size	: 3072 KB
physical id	: 0
siblings	: 4
core id		: 1
cpu cores	: 2
apicid		: 3
initial apicid	: 3
fpu		: yes
fpu_exception	: yes
cpuid level	: 13
wp		: yes
flags		: fpu vme de pse tsc msr pae mce cx8 apic sep mtrr pge mca cmov pat pse36 clflush dts acpi mmx fxsr sse sse2 ss ht tm pbe syscall nx rdtscp lm constant_tsc arch_perfmon pebs bts rep_good nopl xtopology nonstop_tsc aperfmperf pni pclmulqdq dtes64 monitor ds_cpl vmx est tm2 ssse3 cx16 xtpr pdcm pcid sse4_1 sse4_2 x2apic popcnt tsc_deadline_timer xsave avx lahf_lm arat epb xsaveopt pln pts dtherm tpr_shadow vnmi flexpriority ept vpid
bogomips	: 4190.43
clflush size	: 64
cache_alignment	: 64
address sizes	: 36 bits physical, 48 bits virtual
power management:



Memory: 4k page, physical 8110224k(4187916k free), swap 4125692k(4125692k free)

vm_info: Java HotSpot(TM) 64-Bit Server VM (23.25-b01) for linux-amd64 JRE (1.7.0_25-b15), built on Jun  5 2013 20:48:36 by "java_re" with gcc 4.3.0 20080428 (Red Hat 4.3.0-8)

time: Wed Feb 19 13:08:45 2014
elapsed time: 0 seconds

