#
# A fatal error has been detected by the Java Runtime Environment:
#
#  Internal Error (javaClasses.cpp:129), pid=32517, tid=140601333720832
#  fatal error: Invalid layout of preloaded class
#
# JRE version: 7.0_25-b15
# Java VM: Java HotSpot(TM) 64-Bit Server VM (23.25-b01 mixed mode linux-amd64 compressed oops)
# Failed to write core dump. Core dumps have been disabled. To enable core dumping, try "ulimit -c unlimited" before starting Java again
#
# If you would like to submit a bug report, please visit:
#   http://bugreport.sun.com/bugreport/crash.jsp
#

---------------  T H R E A D  ---------------

Current thread (0x00007fe044009000):  JavaThread "Unknown thread" [_thread_in_vm, id=32523, stack(0x00007fe04c7d2000,0x00007fe04c8d3000)]

Stack: [0x00007fe04c7d2000,0x00007fe04c8d3000],  sp=0x00007fe04c8d17e0,  free space=1021k
Native frames: (J=compiled Java code, j=interpreted, Vv=VM code, C=native code)
V  [libjvm.so+0x8a1d3a]  VMError::report_and_die()+0x2ea
V  [libjvm.so+0x407539]  report_fatal(char const*, int, char const*)+0x59
V  [libjvm.so+0x551f47]  compute_offset(int&, klassOopDesc*, Symbol*, Symbol*, bool)+0x137
V  [libjvm.so+0x553169]  java_lang_String::compute_offsets()+0x39
V  [libjvm.so+0x830ea3]  SystemDictionary::initialize_preloaded_classes(Thread*)+0x143
V  [libjvm.so+0x87cf44]  Universe::genesis(Thread*)+0x474
V  [libjvm.so+0x87d3f4]  universe2_init()+0x24
V  [libjvm.so+0x50036d]  init_globals()+0xbd
V  [libjvm.so+0x863a62]  Threads::create_vm(JavaVMInitArgs*, bool*)+0x1e2
V  [libjvm.so+0x55ff34]  JNI_CreateJavaVM+0x74
C  [libjli.so+0x2f8e]  JavaMain+0x9e


---------------  P R O C E S S  ---------------

Java Threads: ( => current thread )

Other Threads:

=>0x00007fe044009000 (exited) JavaThread "Unknown thread" [_thread_in_vm, id=32523, stack(0x00007fe04c7d2000,0x00007fe04c8d3000)]

VM state:not at safepoint (not fully initialized)

VM Mutex/Monitor currently owned by a thread: None

GC Heap History (0 events):
No events

Deoptimization events (0 events):
No events

Internal exceptions (0 events):
No events

Events (10 events):
Event: 0.008 loading class 0x00007fe04402af00 done
Event: 0.008 loading class 0x00007fe04402a7a0 done
Event: 0.008 loading class 0x00007fe04402a770
Event: 0.008 loading class 0x00007fe044055fc0
Event: 0.008 loading class 0x00007fe044055fc0 done
Event: 0.008 loading class 0x00007fe044056000
Event: 0.008 loading class 0x00007fe044056000 done
Event: 0.008 loading class 0x00007fe044056040
Event: 0.008 loading class 0x00007fe044056040 done
Event: 0.008 loading class 0x00007fe04402a770 done


Dynamic libraries:
00400000-00401000 r-xp 00000000 08:01 2754090                            /usr/lib/jvm/jre1.7.0/bin/java
00600000-00601000 rw-p 00000000 08:01 2754090                            /usr/lib/jvm/jre1.7.0/bin/java
00bd6000-00bf7000 rw-p 00000000 00:00 0                                  [heap]
77f000000-7804c0000 rw-p 00000000 00:00 0 
7804c0000-784200000 rw-p 00000000 00:00 0 
784200000-789490000 rw-p 00000000 00:00 0 
789490000-7d6b60000 rw-p 00000000 00:00 0 
7d6b60000-7d94a0000 rw-p 00000000 00:00 0 
7d94a0000-800000000 rw-p 00000000 00:00 0 
7fe01ff80000-7fe024000000 rw-p 00000000 00:00 0 
7fe024000000-7fe024021000 rw-p 00000000 00:00 0 
7fe024021000-7fe028000000 ---p 00000000 00:00 0 
7fe02c000000-7fe02c021000 rw-p 00000000 00:00 0 
7fe02c021000-7fe030000000 ---p 00000000 00:00 0 
7fe034000000-7fe034021000 rw-p 00000000 00:00 0 
7fe034021000-7fe038000000 ---p 00000000 00:00 0 
7fe03c000000-7fe03c021000 rw-p 00000000 00:00 0 
7fe03c021000-7fe040000000 ---p 00000000 00:00 0 
7fe040e07000-7fe041000000 rw-p 00000000 00:00 0 
7fe041000000-7fe041270000 rwxp 00000000 00:00 0 
7fe041270000-7fe04405f000 rw-p 00000000 00:00 0 
7fe04405f000-7fe048000000 ---p 00000000 00:00 0 
7fe048007000-7fe048042000 rw-p 00000000 00:00 0 
7fe048042000-7fe048119000 r--s 013fe000 08:01 4077213                    /home/cameron/Desktop/Android/adt-bundle-linux-x86_64-20131030/sdk/platforms/android-19/android.jar
7fe048119000-7fe049161000 rw-p 00000000 00:00 0 
7fe049161000-7fe049162000 ---p 00000000 00:00 0 
7fe049162000-7fe049262000 rw-p 00000000 00:00 0                          [stack:32527]
7fe049262000-7fe049263000 ---p 00000000 00:00 0 
7fe049263000-7fe049363000 rw-p 00000000 00:00 0                          [stack:32526]
7fe049363000-7fe049364000 ---p 00000000 00:00 0 
7fe049364000-7fe049464000 rw-p 00000000 00:00 0                          [stack:32525]
7fe049464000-7fe049465000 ---p 00000000 00:00 0 
7fe049465000-7fe049570000 rw-p 00000000 00:00 0                          [stack:32524]
7fe049570000-7fe04958e000 rw-p 00000000 00:00 0 
7fe04958e000-7fe0495b8000 rw-p 00000000 00:00 0 
7fe0495b8000-7fe049823000 rw-p 00000000 00:00 0 
7fe049823000-7fe04982e000 rw-p 00000000 00:00 0 
7fe04982e000-7fe04984c000 rw-p 00000000 00:00 0 
7fe04984c000-7fe049876000 rw-p 00000000 00:00 0 
7fe049876000-7fe049ae0000 rw-p 00000000 00:00 0 
7fe049ae0000-7fe049af6000 rw-p 00000000 00:00 0 
7fe049af6000-7fe049c2b000 rw-p 00000000 00:00 0 
7fe049c2b000-7fe049c2c000 rw-p 00000000 00:00 0 
7fe049c2c000-7fe049c47000 r-xp 00000000 08:01 2754044                    /usr/lib/jvm/jre1.7.0/lib/amd64/libzip.so
7fe049c47000-7fe049e46000 ---p 0001b000 08:01 2754044                    /usr/lib/jvm/jre1.7.0/lib/amd64/libzip.so
7fe049e46000-7fe049e47000 rw-p 0001a000 08:01 2754044                    /usr/lib/jvm/jre1.7.0/lib/amd64/libzip.so
7fe049e47000-7fe049e53000 r-xp 00000000 08:01 531728                     /lib/x86_64-linux-gnu/libnss_files-2.15.so
7fe049e53000-7fe04a052000 ---p 0000c000 08:01 531728                     /lib/x86_64-linux-gnu/libnss_files-2.15.so
7fe04a052000-7fe04a053000 r--p 0000b000 08:01 531728                     /lib/x86_64-linux-gnu/libnss_files-2.15.so
7fe04a053000-7fe04a054000 rw-p 0000c000 08:01 531728                     /lib/x86_64-linux-gnu/libnss_files-2.15.so
7fe04a054000-7fe04a05e000 r-xp 00000000 08:01 533087                     /lib/x86_64-linux-gnu/libnss_nis-2.15.so
7fe04a05e000-7fe04a25e000 ---p 0000a000 08:01 533087                     /lib/x86_64-linux-gnu/libnss_nis-2.15.so
7fe04a25e000-7fe04a25f000 r--p 0000a000 08:01 533087                     /lib/x86_64-linux-gnu/libnss_nis-2.15.so
7fe04a25f000-7fe04a260000 rw-p 0000b000 08:01 533087                     /lib/x86_64-linux-gnu/libnss_nis-2.15.so
7fe04a260000-7fe04a277000 r-xp 00000000 08:01 533099                     /lib/x86_64-linux-gnu/libnsl-2.15.so
7fe04a277000-7fe04a476000 ---p 00017000 08:01 533099                     /lib/x86_64-linux-gnu/libnsl-2.15.so
7fe04a476000-7fe04a477000 r--p 00016000 08:01 533099                     /lib/x86_64-linux-gnu/libnsl-2.15.so
7fe04a477000-7fe04a478000 rw-p 00017000 08:01 533099                     /lib/x86_64-linux-gnu/libnsl-2.15.so
7fe04a478000-7fe04a47a000 rw-p 00000000 00:00 0 
7fe04a47a000-7fe04a482000 r-xp 00000000 08:01 531726                     /lib/x86_64-linux-gnu/libnss_compat-2.15.so
7fe04a482000-7fe04a681000 ---p 00008000 08:01 531726                     /lib/x86_64-linux-gnu/libnss_compat-2.15.so
7fe04a681000-7fe04a682000 r--p 00007000 08:01 531726                     /lib/x86_64-linux-gnu/libnss_compat-2.15.so
7fe04a682000-7fe04a683000 rw-p 00008000 08:01 531726                     /lib/x86_64-linux-gnu/libnss_compat-2.15.so
7fe04a683000-7fe04a6ac000 r-xp 00000000 08:01 2754035                    /usr/lib/jvm/jre1.7.0/lib/amd64/libjava.so
7fe04a6ac000-7fe04a8ac000 ---p 00029000 08:01 2754035                    /usr/lib/jvm/jre1.7.0/lib/amd64/libjava.so
7fe04a8ac000-7fe04a8ae000 rw-p 00029000 08:01 2754035                    /usr/lib/jvm/jre1.7.0/lib/amd64/libjava.so
7fe04a8ae000-7fe04a8bb000 r-xp 00000000 08:01 2754025                    /usr/lib/jvm/jre1.7.0/lib/amd64/libverify.so
7fe04a8bb000-7fe04aaba000 ---p 0000d000 08:01 2754025                    /usr/lib/jvm/jre1.7.0/lib/amd64/libverify.so
7fe04aaba000-7fe04aabc000 rw-p 0000c000 08:01 2754025                    /usr/lib/jvm/jre1.7.0/lib/amd64/libverify.so
7fe04aabc000-7fe04aac3000 r-xp 00000000 08:01 533086                     /lib/x86_64-linux-gnu/librt-2.15.so
7fe04aac3000-7fe04acc2000 ---p 00007000 08:01 533086                     /lib/x86_64-linux-gnu/librt-2.15.so
7fe04acc2000-7fe04acc3000 r--p 00006000 08:01 533086                     /lib/x86_64-linux-gnu/librt-2.15.so
7fe04acc3000-7fe04acc4000 rw-p 00007000 08:01 533086                     /lib/x86_64-linux-gnu/librt-2.15.so
7fe04acc4000-7fe04adbf000 r-xp 00000000 08:01 533090                     /lib/x86_64-linux-gnu/libm-2.15.so
7fe04adbf000-7fe04afbe000 ---p 000fb000 08:01 533090                     /lib/x86_64-linux-gnu/libm-2.15.so
7fe04afbe000-7fe04afbf000 r--p 000fa000 08:01 533090                     /lib/x86_64-linux-gnu/libm-2.15.so
7fe04afbf000-7fe04afc0000 rw-p 000fb000 08:01 533090                     /lib/x86_64-linux-gnu/libm-2.15.so
7fe04afc0000-7fe04ba01000 r-xp 00000000 08:01 2754042                    /usr/lib/jvm/jre1.7.0/lib/amd64/server/libjvm.so
7fe04ba01000-7fe04bc01000 ---p 00a41000 08:01 2754042                    /usr/lib/jvm/jre1.7.0/lib/amd64/server/libjvm.so
7fe04bc01000-7fe04bca4000 rw-p 00a41000 08:01 2754042                    /usr/lib/jvm/jre1.7.0/lib/amd64/server/libjvm.so
7fe04bca4000-7fe04bce0000 rw-p 00000000 00:00 0 
7fe04bce0000-7fe04be95000 r-xp 00000000 08:01 528043                     /lib/x86_64-linux-gnu/libc-2.15.so
7fe04be95000-7fe04c095000 ---p 001b5000 08:01 528043                     /lib/x86_64-linux-gnu/libc-2.15.so
7fe04c095000-7fe04c099000 r--p 001b5000 08:01 528043                     /lib/x86_64-linux-gnu/libc-2.15.so
7fe04c099000-7fe04c09b000 rw-p 001b9000 08:01 528043                     /lib/x86_64-linux-gnu/libc-2.15.so
7fe04c09b000-7fe04c0a0000 rw-p 00000000 00:00 0 
7fe04c0a0000-7fe04c0a2000 r-xp 00000000 08:01 533094                     /lib/x86_64-linux-gnu/libdl-2.15.so
7fe04c0a2000-7fe04c2a2000 ---p 00002000 08:01 533094                     /lib/x86_64-linux-gnu/libdl-2.15.so
7fe04c2a2000-7fe04c2a3000 r--p 00002000 08:01 533094                     /lib/x86_64-linux-gnu/libdl-2.15.so
7fe04c2a3000-7fe04c2a4000 rw-p 00003000 08:01 533094                     /lib/x86_64-linux-gnu/libdl-2.15.so
7fe04c2a4000-7fe04c2ba000 r-xp 00000000 08:01 2754063                    /usr/lib/jvm/jre1.7.0/lib/amd64/jli/libjli.so
7fe04c2ba000-7fe04c4ba000 ---p 00016000 08:01 2754063                    /usr/lib/jvm/jre1.7.0/lib/amd64/jli/libjli.so
7fe04c4ba000-7fe04c4bb000 rw-p 00016000 08:01 2754063                    /usr/lib/jvm/jre1.7.0/lib/amd64/jli/libjli.so
7fe04c4bb000-7fe04c4d3000 r-xp 00000000 08:01 533088                     /lib/x86_64-linux-gnu/libpthread-2.15.so
7fe04c4d3000-7fe04c6d2000 ---p 00018000 08:01 533088                     /lib/x86_64-linux-gnu/libpthread-2.15.so
7fe04c6d2000-7fe04c6d3000 r--p 00017000 08:01 533088                     /lib/x86_64-linux-gnu/libpthread-2.15.so
7fe04c6d3000-7fe04c6d4000 rw-p 00018000 08:01 533088                     /lib/x86_64-linux-gnu/libpthread-2.15.so
7fe04c6d4000-7fe04c6d8000 rw-p 00000000 00:00 0 
7fe04c6d8000-7fe04c6fa000 r-xp 00000000 08:01 533091                     /lib/x86_64-linux-gnu/ld-2.15.so
7fe04c712000-7fe04c71c000 rw-p 00000000 00:00 0 
7fe04c71c000-7fe04c7d2000 rw-p 00000000 00:00 0 
7fe04c7d2000-7fe04c7d5000 ---p 00000000 00:00 0 
7fe04c7d5000-7fe04c8d7000 rw-p 00000000 00:00 0                          [stack:32523]
7fe04c8ee000-7fe04c8f6000 rw-s 00000000 08:01 4330939                    /tmp/hsperfdata_cameron/32517
7fe04c8f6000-7fe04c8f7000 rw-p 00000000 00:00 0 
7fe04c8f7000-7fe04c8f8000 r--p 00000000 00:00 0 
7fe04c8f8000-7fe04c8fa000 rw-p 00000000 00:00 0 
7fe04c8fa000-7fe04c8fb000 r--p 00022000 08:01 533091                     /lib/x86_64-linux-gnu/ld-2.15.so
7fe04c8fb000-7fe04c8fd000 rw-p 00023000 08:01 533091                     /lib/x86_64-linux-gnu/ld-2.15.so
7ffff8853000-7ffff8874000 rw-p 00000000 00:00 0                          [stack]
7ffff89ff000-7ffff8a00000 r-xp 00000000 00:00 0                          [vdso]
ffffffffff600000-ffffffffff601000 r-xp 00000000 00:00 0                  [vsyscall]

VM Arguments:
jvm_args: -Dfile.encoding=UTF-8 -Xbootclasspath:/home/cameron/Desktop/Android/adt-bundle-linux-x86_64-20131030/sdk/platforms/android-19/android.jar 
java_command: org.eclipse.jdt.internal.junit.runner.RemoteTestRunner -version 3 -port 53505 -testLoaderClass org.eclipse.jdt.internal.junit4.runner.JUnit4TestLoader -loaderpluginname org.eclipse.jdt.junit4.runtime -classNames JUnit.RegisterTest
Launcher Type: SUN_STANDARD

Environment Variables:
JAVA_HOME=/usr/bin/java
PATH=/usr/local/sbin:/usr/local/bin:/usr/sbin:/usr/bin:/sbin:/bin:/usr/games
SHELL=/bin/bash
DISPLAY=:0

Signal Handlers:
SIGSEGV: [libjvm.so+0x8a26a0], sa_mask[0]=0x7ffbfeff, sa_flags=0x10000004
SIGBUS: [libjvm.so+0x8a26a0], sa_mask[0]=0x7ffbfeff, sa_flags=0x10000004
SIGFPE: [libjvm.so+0x73f3d0], sa_mask[0]=0x7ffbfeff, sa_flags=0x10000004
SIGPIPE: [libjvm.so+0x73f3d0], sa_mask[0]=0x7ffbfeff, sa_flags=0x10000004
SIGXFSZ: [libjvm.so+0x73f3d0], sa_mask[0]=0x7ffbfeff, sa_flags=0x10000004
SIGILL: [libjvm.so+0x73f3d0], sa_mask[0]=0x7ffbfeff, sa_flags=0x10000004
SIGUSR1: SIG_DFL, sa_mask[0]=0x00000000, sa_flags=0x00000000
SIGUSR2: [libjvm.so+0x73ed20], sa_mask[0]=0x00000004, sa_flags=0x10000004
SIGHUP: SIG_DFL, sa_mask[0]=0x00000000, sa_flags=0x00000000
SIGINT: SIG_DFL, sa_mask[0]=0x00000000, sa_flags=0x00000000
SIGTERM: SIG_DFL, sa_mask[0]=0x00000000, sa_flags=0x00000000
SIGQUIT: SIG_DFL, sa_mask[0]=0x00000000, sa_flags=0x00000000


---------------  S Y S T E M  ---------------

OS:wheezy/sid

uname:Linux 3.5.0-45-generic #68~precise1-Ubuntu SMP Wed Dec 4 16:18:46 UTC 2013 x86_64
libc:glibc 2.15 NPTL 2.15 
rlimit: STACK 8192k, CORE 0k, NPROC 63215, NOFILE 4096, AS infinity
load average:0.19 0.11 0.12

/proc/meminfo:
MemTotal:        8110224 kB
MemFree:         4173648 kB
Buffers:          355008 kB
Cached:          1469680 kB
SwapCached:            0 kB
Active:          2487728 kB
Inactive:        1086708 kB
Active(anon):    1779456 kB
Inactive(anon):   192064 kB
Active(file):     708272 kB
Inactive(file):   894644 kB
Unevictable:          44 kB
Mlocked:              44 kB
SwapTotal:       4125692 kB
SwapFree:        4125692 kB
Dirty:                60 kB
Writeback:             0 kB
AnonPages:       1749820 kB
Mapped:           250552 kB
Shmem:            221776 kB
Slab:             220156 kB
SReclaimable:     185760 kB
SUnreclaim:        34396 kB
KernelStack:        4432 kB
PageTables:        48296 kB
NFS_Unstable:          0 kB
Bounce:                0 kB
WritebackTmp:          0 kB
CommitLimit:     8180804 kB
Committed_AS:    6043212 kB
VmallocTotal:   34359738367 kB
VmallocUsed:      564072 kB
VmallocChunk:   34359168428 kB
HardwareCorrupted:     0 kB
AnonHugePages:         0 kB
HugePages_Total:       0
HugePages_Free:        0
HugePages_Rsvd:        0
HugePages_Surp:        0
Hugepagesize:       2048 kB
DirectMap4k:       75776 kB
DirectMap2M:     8255488 kB


CPU:total 4 (2 cores per cpu, 2 threads per core) family 6 model 42 stepping 7, cmov, cx8, fxsr, mmx, sse, sse2, sse3, ssse3, sse4.1, sse4.2, popcnt, avx, ht, tsc, tscinvbit

/proc/cpuinfo:
processor	: 0
vendor_id	: GenuineIntel
cpu family	: 6
model		: 42
model name	: Intel(R) Core(TM) i3-2310M CPU @ 2.10GHz
stepping	: 7
microcode	: 0x1a
cpu MHz		: 2000.000
cache size	: 3072 KB
physical id	: 0
siblings	: 4
core id		: 0
cpu cores	: 2
apicid		: 0
initial apicid	: 0
fpu		: yes
fpu_exception	: yes
cpuid level	: 13
wp		: yes
flags		: fpu vme de pse tsc msr pae mce cx8 apic sep mtrr pge mca cmov pat pse36 clflush dts acpi mmx fxsr sse sse2 ss ht tm pbe syscall nx rdtscp lm constant_tsc arch_perfmon pebs bts rep_good nopl xtopology nonstop_tsc aperfmperf pni pclmulqdq dtes64 monitor ds_cpl vmx est tm2 ssse3 cx16 xtpr pdcm pcid sse4_1 sse4_2 x2apic popcnt tsc_deadline_timer xsave avx lahf_lm arat epb xsaveopt pln pts dtherm tpr_shadow vnmi flexpriority ept vpid
bogomips	: 4190.43
clflush size	: 64
cache_alignment	: 64
address sizes	: 36 bits physical, 48 bits virtual
power management:

processor	: 1
vendor_id	: GenuineIntel
cpu family	: 6
model		: 42
model name	: Intel(R) Core(TM) i3-2310M CPU @ 2.10GHz
stepping	: 7
microcode	: 0x1a
cpu MHz		: 1500.000
cache size	: 3072 KB
physical id	: 0
siblings	: 4
core id		: 0
cpu cores	: 2
apicid		: 1
initial apicid	: 1
fpu		: yes
fpu_exception	: yes
cpuid level	: 13
wp		: yes
flags		: fpu vme de pse tsc msr pae mce cx8 apic sep mtrr pge mca cmov pat pse36 clflush dts acpi mmx fxsr sse sse2 ss ht tm pbe syscall nx rdtscp lm constant_tsc arch_perfmon pebs bts rep_good nopl xtopology nonstop_tsc aperfmperf pni pclmulqdq dtes64 monitor ds_cpl vmx est tm2 ssse3 cx16 xtpr pdcm pcid sse4_1 sse4_2 x2apic popcnt tsc_deadline_timer xsave avx lahf_lm arat epb xsaveopt pln pts dtherm tpr_shadow vnmi flexpriority ept vpid
bogomips	: 4190.43
clflush size	: 64
cache_alignment	: 64
address sizes	: 36 bits physical, 48 bits virtual
power management:

processor	: 2
vendor_id	: GenuineIntel
cpu family	: 6
model		: 42
model name	: Intel(R) Core(TM) i3-2310M CPU @ 2.10GHz
stepping	: 7
microcode	: 0x1a
cpu MHz		: 800.000
cache size	: 3072 KB
physical id	: 0
siblings	: 4
core id		: 1
cpu cores	: 2
apicid		: 2
initial apicid	: 2
fpu		: yes
fpu_exception	: yes
cpuid level	: 13
wp		: yes
flags		: fpu vme de pse tsc msr pae mce cx8 apic sep mtrr pge mca cmov pat pse36 clflush dts acpi mmx fxsr sse sse2 ss ht tm pbe syscall nx rdtscp lm constant_tsc arch_perfmon pebs bts rep_good nopl xtopology nonstop_tsc aperfmperf pni pclmulqdq dtes64 monitor ds_cpl vmx est tm2 ssse3 cx16 xtpr pdcm pcid sse4_1 sse4_2 x2apic popcnt tsc_deadline_timer xsave avx lahf_lm arat epb xsaveopt pln pts dtherm tpr_shadow vnmi flexpriority ept vpid
bogomips	: 4190.43
clflush size	: 64
cache_alignment	: 64
address sizes	: 36 bits physical, 48 bits virtual
power management:

processor	: 3
vendor_id	: GenuineIntel
cpu family	: 6
model		: 42
model name	: Intel(R) Core(TM) i3-2310M CPU @ 2.10GHz
stepping	: 7
microcode	: 0x1a
cpu MHz		: 1900.000
cache size	: 3072 KB
physical id	: 0
siblings	: 4
core id		: 1
cpu cores	: 2
apicid		: 3
initial apicid	: 3
fpu		: yes
fpu_exception	: yes
cpuid level	: 13
wp		: yes
flags		: fpu vme de pse tsc msr pae mce cx8 apic sep mtrr pge mca cmov pat pse36 clflush dts acpi mmx fxsr sse sse2 ss ht tm pbe syscall nx rdtscp lm constant_tsc arch_perfmon pebs bts rep_good nopl xtopology nonstop_tsc aperfmperf pni pclmulqdq dtes64 monitor ds_cpl vmx est tm2 ssse3 cx16 xtpr pdcm pcid sse4_1 sse4_2 x2apic popcnt tsc_deadline_timer xsave avx lahf_lm arat epb xsaveopt pln pts dtherm tpr_shadow vnmi flexpriority ept vpid
bogomips	: 4190.43
clflush size	: 64
cache_alignment	: 64
address sizes	: 36 bits physical, 48 bits virtual
power management:



Memory: 4k page, physical 8110224k(4173648k free), swap 4125692k(4125692k free)

vm_info: Java HotSpot(TM) 64-Bit Server VM (23.25-b01) for linux-amd64 JRE (1.7.0_25-b15), built on Jun  5 2013 20:48:36 by "java_re" with gcc 4.3.0 20080428 (Red Hat 4.3.0-8)

time: Wed Feb 19 13:56:49 2014
elapsed time: 0 seconds

